Arguments: 
  /usr/local/bin/node /usr/local/Cellar/yarn/1.0.2/libexec/bin/yarn.js add sockert-io

PATH: 
  /Library/Frameworks/Python.framework/Versions/3.9/bin:/usr/local/bin:/usr/bin:/bin:/usr/sbin:/sbin:/usr/local/go/bin:/Library/Frameworks/Mono.framework/Versions/Current/Commands:/Library/Frameworks/Python.framework/Versions/3.9/bin

Yarn version: 
  1.0.2

Node version: 
  15.10.0

Platform: 
  darwin x64

npm manifest: 
  {
    "name": "bookstore-server",
    "version": "1.0.0",
    "description": "",
    "main": "index.js",
    "scripts": {
      "dev": "nodemon --inspect index.js",
      "start": "node index.js",
      "test": "echo \"Error: no test specified\" && exit 1"
    },
    "author": "",
    "license": "ISC",
    "dependencies": {
      "bcryptjs": "^2.4.3",
      "body-parser": "^1.19.0",
      "cloudinary": "^1.26.0",
      "cors": "^2.8.5",
      "dotenv": "^8.2.0",
      "express": "^4.17.1",
      "jsonwebtoken": "^8.5.1",
      "moment": "^2.24.0",
      "mongoose": "^5.9.7",
      "multiparty": "^4.2.2",
      "stripe": "^8.46.0",
      "uuid": "^7.0.3"
    },
    "devDependencies": {
      "nodemon": "^2.0.2"
    }
  }

yarn manifest: 
  No manifest

Lockfile: 
  No lockfile

Trace: 
  Error: https://registry.yarnpkg.com/sockert-io: Not found
      at Request.params.callback [as _callback] (/usr/local/Cellar/yarn/1.0.2/libexec/lib/cli.js:60302:18)
      at Request.self.callback (/usr/local/Cellar/yarn/1.0.2/libexec/lib/cli.js:117370:22)
      at Request.emit (node:events:378:20)
      at Request.<anonymous> (/usr/local/Cellar/yarn/1.0.2/libexec/lib/cli.js:118353:10)
      at Request.emit (node:events:378:20)
      at IncomingMessage.<anonymous> (/usr/local/Cellar/yarn/1.0.2/libexec/lib/cli.js:118273:12)
      at Object.onceWrapper (node:events:484:28)
      at IncomingMessage.emit (node:events:390:22)
      at endReadableNT (node:internal/streams/readable:1307:12)
      at processTicksAndRejections (node:internal/process/task_queues:81:21)
